{"C:\\Users\\KIIT\\Desktop\\web_dev\\book-tracker-api\\backend\\server.js": {"path":"C:\\Users\\KIIT\\Desktop\\web_dev\\book-tracker-api\\backend\\server.js","statementMap":{"0":{"start":{"line":1,"column":16},"end":{"line":1,"column":34}},"1":{"start":{"line":2,"column":13},"end":{"line":2,"column":28}},"2":{"start":{"line":3,"column":12},"end":{"line":3,"column":21}},"3":{"start":{"line":6,"column":0},"end":{"line":6,"column":16}},"4":{"start":{"line":7,"column":0},"end":{"line":7,"column":24}},"5":{"start":{"line":10,"column":0},"end":{"line":10,"column":54}},"6":{"start":{"line":12,"column":0},"end":{"line":12,"column":21}}},"fnMap":{},"branchMap":{},"s":{"0":1,"1":1,"2":1,"3":1,"4":1,"5":1,"6":1},"f":{},"b":{},"_coverageSchema":"1a1c01bbd47fc00a2c39e90264f33305004495a9","hash":"4ec8d0df23b4711da2c3a351db2d7568ac85e57f"}
,"C:\\Users\\KIIT\\Desktop\\web_dev\\book-tracker-api\\backend\\controllers\\bookController.js": {"path":"C:\\Users\\KIIT\\Desktop\\web_dev\\book-tracker-api\\backend\\controllers\\bookController.js","statementMap":{"0":{"start":{"line":1,"column":13},"end":{"line":1,"column":38}},"1":{"start":{"line":4,"column":0},"end":{"line":7,"column":2}},"2":{"start":{"line":5,"column":16},"end":{"line":5,"column":33}},"3":{"start":{"line":6,"column":2},"end":{"line":6,"column":18}},"4":{"start":{"line":10,"column":0},"end":{"line":13,"column":2}},"5":{"start":{"line":11,"column":15},"end":{"line":11,"column":49}},"6":{"start":{"line":12,"column":2},"end":{"line":12,"column":17}},"7":{"start":{"line":16,"column":0},"end":{"line":20,"column":2}},"8":{"start":{"line":17,"column":18},"end":{"line":17,"column":36}},"9":{"start":{"line":18,"column":2},"end":{"line":18,"column":23}},"10":{"start":{"line":19,"column":2},"end":{"line":19,"column":32}},"11":{"start":{"line":23,"column":0},"end":{"line":26,"column":2}},"12":{"start":{"line":24,"column":18},"end":{"line":24,"column":86}},"13":{"start":{"line":25,"column":2},"end":{"line":25,"column":20}},"14":{"start":{"line":29,"column":0},"end":{"line":32,"column":2}},"15":{"start":{"line":30,"column":2},"end":{"line":30,"column":46}},"16":{"start":{"line":31,"column":2},"end":{"line":31,"column":40}}},"fnMap":{"0":{"name":"(anonymous_0)","decl":{"start":{"line":4,"column":19},"end":{"line":4,"column":20}},"loc":{"start":{"line":4,"column":39},"end":{"line":7,"column":1}},"line":4},"1":{"name":"(anonymous_1)","decl":{"start":{"line":10,"column":18},"end":{"line":10,"column":19}},"loc":{"start":{"line":10,"column":38},"end":{"line":13,"column":1}},"line":10},"2":{"name":"(anonymous_2)","decl":{"start":{"line":16,"column":21},"end":{"line":16,"column":22}},"loc":{"start":{"line":16,"column":41},"end":{"line":20,"column":1}},"line":16},"3":{"name":"(anonymous_3)","decl":{"start":{"line":23,"column":21},"end":{"line":23,"column":22}},"loc":{"start":{"line":23,"column":41},"end":{"line":26,"column":1}},"line":23},"4":{"name":"(anonymous_4)","decl":{"start":{"line":29,"column":21},"end":{"line":29,"column":22}},"loc":{"start":{"line":29,"column":41},"end":{"line":32,"column":1}},"line":29}},"branchMap":{},"s":{"0":2,"1":2,"2":2,"3":2,"4":2,"5":0,"6":0,"7":2,"8":1,"9":1,"10":1,"11":2,"12":0,"13":0,"14":2,"15":0,"16":0},"f":{"0":2,"1":0,"2":1,"3":0,"4":0},"b":{},"_coverageSchema":"1a1c01bbd47fc00a2c39e90264f33305004495a9","hash":"95a5f46d04a7be9c96887d6d5f2616fcb2e3a983"}
,"C:\\Users\\KIIT\\Desktop\\web_dev\\book-tracker-api\\backend\\models\\Book.js": {"path":"C:\\Users\\KIIT\\Desktop\\web_dev\\book-tracker-api\\backend\\models\\Book.js","statementMap":{"0":{"start":{"line":1,"column":17},"end":{"line":1,"column":36}},"1":{"start":{"line":3,"column":19},"end":{"line":10,"column":2}},"2":{"start":{"line":12,"column":0},"end":{"line":12,"column":52}}},"fnMap":{},"branchMap":{},"s":{"0":2,"1":2,"2":2},"f":{},"b":{},"_coverageSchema":"1a1c01bbd47fc00a2c39e90264f33305004495a9","hash":"f88b805c4062c5c7a8b3c8e31a0d34f332eff7d5"}
,"C:\\Users\\KIIT\\Desktop\\web_dev\\book-tracker-api\\backend\\routes\\bookRoutes.js": {"path":"C:\\Users\\KIIT\\Desktop\\web_dev\\book-tracker-api\\backend\\routes\\bookRoutes.js","statementMap":{"0":{"start":{"line":1,"column":16},"end":{"line":1,"column":34}},"1":{"start":{"line":2,"column":15},"end":{"line":2,"column":31}},"2":{"start":{"line":3,"column":23},"end":{"line":3,"column":63}},"3":{"start":{"line":5,"column":0},"end":{"line":5,"column":41}},"4":{"start":{"line":6,"column":0},"end":{"line":6,"column":43}},"5":{"start":{"line":7,"column":0},"end":{"line":7,"column":44}},"6":{"start":{"line":8,"column":0},"end":{"line":8,"column":46}},"7":{"start":{"line":9,"column":0},"end":{"line":9,"column":49}},"8":{"start":{"line":11,"column":0},"end":{"line":11,"column":24}}},"fnMap":{},"branchMap":{},"s":{"0":1,"1":1,"2":1,"3":1,"4":1,"5":1,"6":1,"7":1,"8":1},"f":{},"b":{},"_coverageSchema":"1a1c01bbd47fc00a2c39e90264f33305004495a9","hash":"136c972fd5ae75f0dad2e859264d56c828dab4d3"}
}
